Build started 2012-03-25 23:28:52.
     1>Project "C:\Users\Emil\Desktop\Imperishable Full Moon - Demo\WerewolfinSpace\WerewolfinSpace.vcxproj" on node 2 (build target(s)).
     1>InitializeBuildStatus:
         Creating "Release\Imperishable Full Moon.unsuccessfulbuild" because "AlwaysCreate" was specified.
       ClCompile:
         C:\Program Files (x86)\Microsoft Visual Studio 10.0\VC\bin\CL.exe /c /Zi /nologo /W3 /WX- /O2 /Oi /Oy- /GL /D _MBCS /Gm- /EHsc /MD /GS /Gy /fp:precise /Zc:wchar_t /Zc:forScope /Fo"Release\\" /Fd"Release\vc100.pdb" /Gd /TP /analyze- /errorReport:prompt MovingPlatform.cpp
         MovingPlatform.cpp
         C:\Users\Emil\Desktop\Imperishable Full Moon - Demo\WerewolfinSpace\Include\dinput.h: DIRECTINPUT_VERSION undefined. Defaulting to version 0x0800
     1>MovingPlatform.cpp(43): warning C4244: '=' : conversion from 'double' to 'float', possible loss of data
       ResourceCompile:
         All outputs are up-to-date.
       Link:
         C:\Program Files (x86)\Microsoft Visual Studio 10.0\VC\bin\link.exe /ERRORREPORT:PROMPT /OUT:"C:\Users\Emil\Desktop\Imperishable Full Moon - Demo\Release\Imperishable Full Moon.exe" /NOLOGO d3d10.lib d3dx10.lib dinput8.lib dxguid.lib dsound.lib kernel32.lib user32.lib gdi32.lib winspool.lib comdlg32.lib advapi32.lib shell32.lib ole32.lib oleaut32.lib uuid.lib odbc32.lib odbccp32.lib /MANIFEST /ManifestFile:"Release\Imperishable Full Moon.exe.intermediate.manifest" /MANIFESTUAC:"level='asInvoker' uiAccess='false'" /DEBUG /PDB:"C:\Users\Emil\Desktop\Imperishable Full Moon - Demo\Release\Imperishable Full Moon.pdb" /OPT:REF /OPT:ICF /LTCG /TLBID:1 /DYNAMICBASE /NXCOMPAT /IMPLIB:"C:\Users\Emil\Desktop\Imperishable Full Moon - Demo\Release\Imperishable Full Moon.lib" /MACHINE:X86 Release\WerewolfinSpace.res
         Release\AABB.obj
         Release\BaseMenu.obj
         Release\Block.obj
         Release\Camera.obj
         Release\CControl.obj
         Release\CheckPoint.obj
         Release\Clock.obj
         Release\CollisionObject.obj
         Release\Flash.obj
         Release\GameCredits.obj
         Release\DxHandler.obj
         Release\Game.obj
         Release\GameMenu.obj
         Release\Goal.obj
         Release\HeightMap.obj
         Release\HighScore.obj
         Release\InGameMenu.obj
         Release\InputHandler.obj
         Release\Level.obj
         Release\Main.obj
         Release\Material.obj
         Release\MenuButton.obj
         Release\Model.obj
         Release\MovingPlatform.obj
         Release\MtlReader.obj
         Release\Object3D.obj
         Release\ObjReader.obj
         Release\Physics.obj
         Release\Platform.obj
         Release\Player.obj
         Release\PolygonGroup.obj
         Release\PowerUp.obj
         Release\QuadNode.obj
         Release\Skybox.obj
         Release\SoundHandler.obj
         Release\Spike.obj
         Release\Springboard.obj
         Release\Sprite.obj
         Release\Terrain.obj
         Release\Tree.obj
         Release\Water.obj
         Release\Waterlilly.obj
         Generating code
         Finished generating code
         WerewolfinSpace.vcxproj -> C:\Users\Emil\Desktop\Imperishable Full Moon - Demo\Release\Imperishable Full Moon.exe
       Manifest:
         C:\Program Files (x86)\Microsoft SDKs\Windows\v7.0A\bin\mt.exe /nologo /verbose /outputresource:"C:\Users\Emil\Desktop\Imperishable Full Moon - Demo\Release\Imperishable Full Moon.exe;#1" /manifest "Release\Imperishable Full Moon.exe.intermediate.manifest"
       FinalizeBuildStatus:
         Deleting file "Release\Imperishable Full Moon.unsuccessfulbuild".
         Touching "Release\Imperishable Full Moon.lastbuildstate".
     1>Done Building Project "C:\Users\Emil\Desktop\Imperishable Full Moon - Demo\WerewolfinSpace\WerewolfinSpace.vcxproj" (build target(s)).

Build succeeded.

Time Elapsed 00:00:05.07
