C:\USERS\TOBIAS\DESKTOP\IM2\IMPERISHABLE FULL MOON - DEMO\DEBUG\IMPERISHABLE FULL MOON.EXE
C:\USERS\TOBIAS\DESKTOP\IM2\IMPERISHABLE FULL MOON - DEMO\DEBUG\IMPERISHABLE FULL MOON.ILK
C:\USERS\TOBIAS\DESKTOP\IM2\IMPERISHABLE FULL MOON - DEMO\DEBUG\IMPERISHABLE FULL MOON.PDB
C:\USERS\TOBIAS\DESKTOP\IM2\IMPERISHABLE FULL MOON - DEMO\DEBUG\SHADERS\SHADER.CPS
C:\USERS\TOBIAS\DESKTOP\IM2\IMPERISHABLE FULL MOON - DEMO\WEREWOLFINSPACE\DEBUG\AABB.OBJ
C:\USERS\TOBIAS\DESKTOP\IM2\IMPERISHABLE FULL MOON - DEMO\WEREWOLFINSPACE\DEBUG\BASEMENU.OBJ
C:\USERS\TOBIAS\DESKTOP\IM2\IMPERISHABLE FULL MOON - DEMO\WEREWOLFINSPACE\DEBUG\BLOCK.OBJ
C:\USERS\TOBIAS\DESKTOP\IM2\IMPERISHABLE FULL MOON - DEMO\WEREWOLFINSPACE\DEBUG\CAMERA.OBJ
C:\USERS\TOBIAS\DESKTOP\IM2\IMPERISHABLE FULL MOON - DEMO\WEREWOLFINSPACE\DEBUG\CCONTROL.OBJ
C:\USERS\TOBIAS\DESKTOP\IM2\IMPERISHABLE FULL MOON - DEMO\WEREWOLFINSPACE\DEBUG\CHECKPOINT.OBJ
C:\Users\Tobias\Desktop\im2\Imperishable Full Moon - Demo\WerewolfinSpace\Debug\cl.command.1.tlog
C:\Users\Tobias\Desktop\im2\Imperishable Full Moon - Demo\WerewolfinSpace\Debug\CL.read.1.tlog
C:\Users\Tobias\Desktop\im2\Imperishable Full Moon - Demo\WerewolfinSpace\Debug\CL.write.1.tlog
C:\USERS\TOBIAS\DESKTOP\IM2\IMPERISHABLE FULL MOON - DEMO\WEREWOLFINSPACE\DEBUG\CLOCK.OBJ
C:\USERS\TOBIAS\DESKTOP\IM2\IMPERISHABLE FULL MOON - DEMO\WEREWOLFINSPACE\DEBUG\COLLISIONOBJECT.OBJ
C:\Users\Tobias\Desktop\im2\Imperishable Full Moon - Demo\WerewolfinSpace\Debug\custombuild.command.1.tlog
C:\Users\Tobias\Desktop\im2\Imperishable Full Moon - Demo\WerewolfinSpace\Debug\custombuild.read.1.tlog
C:\Users\Tobias\Desktop\im2\Imperishable Full Moon - Demo\WerewolfinSpace\Debug\custombuild.write.1.tlog
C:\USERS\TOBIAS\DESKTOP\IM2\IMPERISHABLE FULL MOON - DEMO\WEREWOLFINSPACE\DEBUG\DXHANDLER.OBJ
C:\USERS\TOBIAS\DESKTOP\IM2\IMPERISHABLE FULL MOON - DEMO\WEREWOLFINSPACE\DEBUG\FLASH.OBJ
C:\USERS\TOBIAS\DESKTOP\IM2\IMPERISHABLE FULL MOON - DEMO\WEREWOLFINSPACE\DEBUG\GAME.OBJ
C:\USERS\TOBIAS\DESKTOP\IM2\IMPERISHABLE FULL MOON - DEMO\WEREWOLFINSPACE\DEBUG\GAMECREDITS.OBJ
C:\USERS\TOBIAS\DESKTOP\IM2\IMPERISHABLE FULL MOON - DEMO\WEREWOLFINSPACE\DEBUG\GAMEMENU.OBJ
C:\USERS\TOBIAS\DESKTOP\IM2\IMPERISHABLE FULL MOON - DEMO\WEREWOLFINSPACE\DEBUG\GOAL.OBJ
C:\USERS\TOBIAS\DESKTOP\IM2\IMPERISHABLE FULL MOON - DEMO\WEREWOLFINSPACE\DEBUG\HEIGHTMAP.OBJ
C:\USERS\TOBIAS\DESKTOP\IM2\IMPERISHABLE FULL MOON - DEMO\WEREWOLFINSPACE\DEBUG\HIGHSCORE.OBJ
C:\USERS\TOBIAS\DESKTOP\IM2\IMPERISHABLE FULL MOON - DEMO\WEREWOLFINSPACE\DEBUG\IMPERISHABLE FULL MOON.EXE.INTERMEDIATE.MANIFEST
C:\USERS\TOBIAS\DESKTOP\IM2\IMPERISHABLE FULL MOON - DEMO\WEREWOLFINSPACE\DEBUG\INGAMEMENU.OBJ
C:\USERS\TOBIAS\DESKTOP\IM2\IMPERISHABLE FULL MOON - DEMO\WEREWOLFINSPACE\DEBUG\INPUTHANDLER.OBJ
C:\USERS\TOBIAS\DESKTOP\IM2\IMPERISHABLE FULL MOON - DEMO\WEREWOLFINSPACE\DEBUG\LEVEL.OBJ
C:\Users\Tobias\Desktop\im2\Imperishable Full Moon - Demo\WerewolfinSpace\Debug\link.command.1.tlog
C:\Users\Tobias\Desktop\im2\Imperishable Full Moon - Demo\WerewolfinSpace\Debug\link.read.1.tlog
C:\Users\Tobias\Desktop\im2\Imperishable Full Moon - Demo\WerewolfinSpace\Debug\link.write.1.tlog
C:\Users\Tobias\Desktop\im2\Imperishable Full Moon - Demo\WerewolfinSpace\Debug\link-cvtres.read.1.tlog
C:\Users\Tobias\Desktop\im2\Imperishable Full Moon - Demo\WerewolfinSpace\Debug\link-cvtres.write.1.tlog
C:\USERS\TOBIAS\DESKTOP\IM2\IMPERISHABLE FULL MOON - DEMO\WEREWOLFINSPACE\DEBUG\MAIN.OBJ
C:\USERS\TOBIAS\DESKTOP\IM2\IMPERISHABLE FULL MOON - DEMO\WEREWOLFINSPACE\DEBUG\MATERIAL.OBJ
C:\USERS\TOBIAS\DESKTOP\IM2\IMPERISHABLE FULL MOON - DEMO\WEREWOLFINSPACE\DEBUG\MENUBUTTON.OBJ
C:\USERS\TOBIAS\DESKTOP\IM2\IMPERISHABLE FULL MOON - DEMO\WEREWOLFINSPACE\DEBUG\MODEL.OBJ
C:\USERS\TOBIAS\DESKTOP\IM2\IMPERISHABLE FULL MOON - DEMO\WEREWOLFINSPACE\DEBUG\MOVINGPLATFORM.OBJ
C:\Users\Tobias\Desktop\im2\Imperishable Full Moon - Demo\WerewolfinSpace\Debug\mt.command.1.tlog
C:\Users\Tobias\Desktop\im2\Imperishable Full Moon - Demo\WerewolfinSpace\Debug\mt.read.1.tlog
C:\Users\Tobias\Desktop\im2\Imperishable Full Moon - Demo\WerewolfinSpace\Debug\mt.write.1.tlog
C:\USERS\TOBIAS\DESKTOP\IM2\IMPERISHABLE FULL MOON - DEMO\WEREWOLFINSPACE\DEBUG\MTLREADER.OBJ
C:\USERS\TOBIAS\DESKTOP\IM2\IMPERISHABLE FULL MOON - DEMO\WEREWOLFINSPACE\DEBUG\OBJECT3D.OBJ
C:\USERS\TOBIAS\DESKTOP\IM2\IMPERISHABLE FULL MOON - DEMO\WEREWOLFINSPACE\DEBUG\OBJREADER.OBJ
C:\USERS\TOBIAS\DESKTOP\IM2\IMPERISHABLE FULL MOON - DEMO\WEREWOLFINSPACE\DEBUG\PHYSICS.OBJ
C:\USERS\TOBIAS\DESKTOP\IM2\IMPERISHABLE FULL MOON - DEMO\WEREWOLFINSPACE\DEBUG\PLATFORM.OBJ
C:\USERS\TOBIAS\DESKTOP\IM2\IMPERISHABLE FULL MOON - DEMO\WEREWOLFINSPACE\DEBUG\PLAYER.OBJ
C:\USERS\TOBIAS\DESKTOP\IM2\IMPERISHABLE FULL MOON - DEMO\WEREWOLFINSPACE\DEBUG\POLYGONGROUP.OBJ
C:\USERS\TOBIAS\DESKTOP\IM2\IMPERISHABLE FULL MOON - DEMO\WEREWOLFINSPACE\DEBUG\POWERUP.OBJ
C:\USERS\TOBIAS\DESKTOP\IM2\IMPERISHABLE FULL MOON - DEMO\WEREWOLFINSPACE\DEBUG\QUADNODE.OBJ
C:\Users\Tobias\Desktop\im2\Imperishable Full Moon - Demo\WerewolfinSpace\Debug\rc.command.1.tlog
C:\Users\Tobias\Desktop\im2\Imperishable Full Moon - Demo\WerewolfinSpace\Debug\rc.read.1.tlog
C:\Users\Tobias\Desktop\im2\Imperishable Full Moon - Demo\WerewolfinSpace\Debug\rc.write.1.tlog
C:\USERS\TOBIAS\DESKTOP\IM2\IMPERISHABLE FULL MOON - DEMO\WEREWOLFINSPACE\DEBUG\SKYBOX.OBJ
C:\USERS\TOBIAS\DESKTOP\IM2\IMPERISHABLE FULL MOON - DEMO\WEREWOLFINSPACE\DEBUG\SOUNDHANDLER.OBJ
C:\USERS\TOBIAS\DESKTOP\IM2\IMPERISHABLE FULL MOON - DEMO\WEREWOLFINSPACE\DEBUG\SPIKE.OBJ
C:\USERS\TOBIAS\DESKTOP\IM2\IMPERISHABLE FULL MOON - DEMO\WEREWOLFINSPACE\DEBUG\SPRINGBOARD.OBJ
C:\USERS\TOBIAS\DESKTOP\IM2\IMPERISHABLE FULL MOON - DEMO\WEREWOLFINSPACE\DEBUG\SPRITE.OBJ
C:\USERS\TOBIAS\DESKTOP\IM2\IMPERISHABLE FULL MOON - DEMO\WEREWOLFINSPACE\DEBUG\TERRAIN.OBJ
C:\USERS\TOBIAS\DESKTOP\IM2\IMPERISHABLE FULL MOON - DEMO\WEREWOLFINSPACE\DEBUG\TREE.OBJ
C:\USERS\TOBIAS\DESKTOP\IM2\IMPERISHABLE FULL MOON - DEMO\WEREWOLFINSPACE\DEBUG\WATER.OBJ
C:\USERS\TOBIAS\DESKTOP\IM2\IMPERISHABLE FULL MOON - DEMO\WEREWOLFINSPACE\DEBUG\WATERLILLY.OBJ
C:\Users\Tobias\Desktop\im2\Imperishable Full Moon - Demo\WerewolfinSpace\Debug\vc100.idb
C:\USERS\TOBIAS\DESKTOP\IM2\IMPERISHABLE FULL MOON - DEMO\WEREWOLFINSPACE\DEBUG\VC100.PDB
C:\USERS\TOBIAS\DESKTOP\IM2\IMPERISHABLE FULL MOON - DEMO\WEREWOLFINSPACE\DEBUG\WEREWOLFINSPACE.RES
