J:\VISUAL STUDIO 2010\PROJECTS\IMPERISHABLE FULL MOON - DEMO\DEBUG\SHADERS\SHADER.CPS
J:\VISUAL STUDIO 2010\PROJECTS\IMPERISHABLE FULL MOON - DEMO\DEBUG\WEREWOLFINSPACE.EXE
J:\VISUAL STUDIO 2010\PROJECTS\IMPERISHABLE FULL MOON - DEMO\DEBUG\WEREWOLFINSPACE.ILK
J:\VISUAL STUDIO 2010\PROJECTS\IMPERISHABLE FULL MOON - DEMO\DEBUG\WEREWOLFINSPACE.PDB
J:\VISUAL STUDIO 2010\PROJECTS\IMPERISHABLE FULL MOON - DEMO\WEREWOLFINSPACE\DEBUG\AABB.OBJ
J:\VISUAL STUDIO 2010\PROJECTS\IMPERISHABLE FULL MOON - DEMO\WEREWOLFINSPACE\DEBUG\BASEMENU.OBJ
J:\VISUAL STUDIO 2010\PROJECTS\IMPERISHABLE FULL MOON - DEMO\WEREWOLFINSPACE\DEBUG\BLOCK.OBJ
J:\VISUAL STUDIO 2010\PROJECTS\IMPERISHABLE FULL MOON - DEMO\WEREWOLFINSPACE\DEBUG\CAMERA.OBJ
J:\VISUAL STUDIO 2010\PROJECTS\IMPERISHABLE FULL MOON - DEMO\WEREWOLFINSPACE\DEBUG\CCONTROL.OBJ
J:\VISUAL STUDIO 2010\PROJECTS\IMPERISHABLE FULL MOON - DEMO\WEREWOLFINSPACE\DEBUG\CHECKPOINT.OBJ
J:\Visual Studio 2010\Projects\Imperishable Full Moon - Demo\WerewolfinSpace\Debug\cl.command.1.tlog
J:\Visual Studio 2010\Projects\Imperishable Full Moon - Demo\WerewolfinSpace\Debug\CL.read.1.tlog
J:\Visual Studio 2010\Projects\Imperishable Full Moon - Demo\WerewolfinSpace\Debug\CL.write.1.tlog
J:\VISUAL STUDIO 2010\PROJECTS\IMPERISHABLE FULL MOON - DEMO\WEREWOLFINSPACE\DEBUG\CLOCK.OBJ
J:\VISUAL STUDIO 2010\PROJECTS\IMPERISHABLE FULL MOON - DEMO\WEREWOLFINSPACE\DEBUG\COLLISIONOBJECT.OBJ
J:\Visual Studio 2010\Projects\Imperishable Full Moon - Demo\WerewolfinSpace\Debug\custombuild.command.1.tlog
J:\Visual Studio 2010\Projects\Imperishable Full Moon - Demo\WerewolfinSpace\Debug\custombuild.read.1.tlog
J:\Visual Studio 2010\Projects\Imperishable Full Moon - Demo\WerewolfinSpace\Debug\custombuild.write.1.tlog
J:\VISUAL STUDIO 2010\PROJECTS\IMPERISHABLE FULL MOON - DEMO\WEREWOLFINSPACE\DEBUG\DXHANDLER.OBJ
J:\VISUAL STUDIO 2010\PROJECTS\IMPERISHABLE FULL MOON - DEMO\WEREWOLFINSPACE\DEBUG\FLASH.OBJ
J:\VISUAL STUDIO 2010\PROJECTS\IMPERISHABLE FULL MOON - DEMO\WEREWOLFINSPACE\DEBUG\GAME.OBJ
J:\VISUAL STUDIO 2010\PROJECTS\IMPERISHABLE FULL MOON - DEMO\WEREWOLFINSPACE\DEBUG\GAMECREDITS.OBJ
J:\VISUAL STUDIO 2010\PROJECTS\IMPERISHABLE FULL MOON - DEMO\WEREWOLFINSPACE\DEBUG\GAMEMENU.OBJ
J:\VISUAL STUDIO 2010\PROJECTS\IMPERISHABLE FULL MOON - DEMO\WEREWOLFINSPACE\DEBUG\GOAL.OBJ
J:\VISUAL STUDIO 2010\PROJECTS\IMPERISHABLE FULL MOON - DEMO\WEREWOLFINSPACE\DEBUG\HEIGHTMAP.OBJ
J:\VISUAL STUDIO 2010\PROJECTS\IMPERISHABLE FULL MOON - DEMO\WEREWOLFINSPACE\DEBUG\HIGHSCORE.OBJ
J:\VISUAL STUDIO 2010\PROJECTS\IMPERISHABLE FULL MOON - DEMO\WEREWOLFINSPACE\DEBUG\INGAMEMENU.OBJ
J:\VISUAL STUDIO 2010\PROJECTS\IMPERISHABLE FULL MOON - DEMO\WEREWOLFINSPACE\DEBUG\INPUTHANDLER.OBJ
J:\VISUAL STUDIO 2010\PROJECTS\IMPERISHABLE FULL MOON - DEMO\WEREWOLFINSPACE\DEBUG\LEVEL.OBJ
J:\Visual Studio 2010\Projects\Imperishable Full Moon - Demo\WerewolfinSpace\Debug\link.command.1.tlog
J:\Visual Studio 2010\Projects\Imperishable Full Moon - Demo\WerewolfinSpace\Debug\link.read.1.tlog
J:\Visual Studio 2010\Projects\Imperishable Full Moon - Demo\WerewolfinSpace\Debug\link.write.1.tlog
J:\Visual Studio 2010\Projects\Imperishable Full Moon - Demo\WerewolfinSpace\Debug\link-cvtres.read.1.tlog
J:\Visual Studio 2010\Projects\Imperishable Full Moon - Demo\WerewolfinSpace\Debug\link-cvtres.write.1.tlog
J:\VISUAL STUDIO 2010\PROJECTS\IMPERISHABLE FULL MOON - DEMO\WEREWOLFINSPACE\DEBUG\MAIN.OBJ
J:\VISUAL STUDIO 2010\PROJECTS\IMPERISHABLE FULL MOON - DEMO\WEREWOLFINSPACE\DEBUG\MATERIAL.OBJ
J:\VISUAL STUDIO 2010\PROJECTS\IMPERISHABLE FULL MOON - DEMO\WEREWOLFINSPACE\DEBUG\MENUBUTTON.OBJ
J:\VISUAL STUDIO 2010\PROJECTS\IMPERISHABLE FULL MOON - DEMO\WEREWOLFINSPACE\DEBUG\MODEL.OBJ
J:\VISUAL STUDIO 2010\PROJECTS\IMPERISHABLE FULL MOON - DEMO\WEREWOLFINSPACE\DEBUG\MOVINGPLATFORM.OBJ
J:\Visual Studio 2010\Projects\Imperishable Full Moon - Demo\WerewolfinSpace\Debug\mt.command.1.tlog
J:\Visual Studio 2010\Projects\Imperishable Full Moon - Demo\WerewolfinSpace\Debug\mt.read.1.tlog
J:\Visual Studio 2010\Projects\Imperishable Full Moon - Demo\WerewolfinSpace\Debug\mt.write.1.tlog
J:\VISUAL STUDIO 2010\PROJECTS\IMPERISHABLE FULL MOON - DEMO\WEREWOLFINSPACE\DEBUG\MTLREADER.OBJ
J:\VISUAL STUDIO 2010\PROJECTS\IMPERISHABLE FULL MOON - DEMO\WEREWOLFINSPACE\DEBUG\OBJECT3D.OBJ
J:\VISUAL STUDIO 2010\PROJECTS\IMPERISHABLE FULL MOON - DEMO\WEREWOLFINSPACE\DEBUG\OBJREADER.OBJ
J:\VISUAL STUDIO 2010\PROJECTS\IMPERISHABLE FULL MOON - DEMO\WEREWOLFINSPACE\DEBUG\PHYSICS.OBJ
J:\VISUAL STUDIO 2010\PROJECTS\IMPERISHABLE FULL MOON - DEMO\WEREWOLFINSPACE\DEBUG\PLATFORM.OBJ
J:\VISUAL STUDIO 2010\PROJECTS\IMPERISHABLE FULL MOON - DEMO\WEREWOLFINSPACE\DEBUG\PLAYER.OBJ
J:\VISUAL STUDIO 2010\PROJECTS\IMPERISHABLE FULL MOON - DEMO\WEREWOLFINSPACE\DEBUG\POLYGONGROUP.OBJ
J:\VISUAL STUDIO 2010\PROJECTS\IMPERISHABLE FULL MOON - DEMO\WEREWOLFINSPACE\DEBUG\POWERUP.OBJ
J:\VISUAL STUDIO 2010\PROJECTS\IMPERISHABLE FULL MOON - DEMO\WEREWOLFINSPACE\DEBUG\QUADNODE.OBJ
J:\Visual Studio 2010\Projects\Imperishable Full Moon - Demo\WerewolfinSpace\Debug\rc.command.1.tlog
J:\Visual Studio 2010\Projects\Imperishable Full Moon - Demo\WerewolfinSpace\Debug\rc.read.1.tlog
J:\Visual Studio 2010\Projects\Imperishable Full Moon - Demo\WerewolfinSpace\Debug\rc.write.1.tlog
J:\VISUAL STUDIO 2010\PROJECTS\IMPERISHABLE FULL MOON - DEMO\WEREWOLFINSPACE\DEBUG\SKYBOX.OBJ
J:\VISUAL STUDIO 2010\PROJECTS\IMPERISHABLE FULL MOON - DEMO\WEREWOLFINSPACE\DEBUG\SOUNDHANDLER.OBJ
J:\VISUAL STUDIO 2010\PROJECTS\IMPERISHABLE FULL MOON - DEMO\WEREWOLFINSPACE\DEBUG\SPIKE.OBJ
J:\VISUAL STUDIO 2010\PROJECTS\IMPERISHABLE FULL MOON - DEMO\WEREWOLFINSPACE\DEBUG\SPRINGBOARD.OBJ
J:\VISUAL STUDIO 2010\PROJECTS\IMPERISHABLE FULL MOON - DEMO\WEREWOLFINSPACE\DEBUG\SPRITE.OBJ
J:\VISUAL STUDIO 2010\PROJECTS\IMPERISHABLE FULL MOON - DEMO\WEREWOLFINSPACE\DEBUG\TERRAIN.OBJ
J:\VISUAL STUDIO 2010\PROJECTS\IMPERISHABLE FULL MOON - DEMO\WEREWOLFINSPACE\DEBUG\TREE.OBJ
J:\VISUAL STUDIO 2010\PROJECTS\IMPERISHABLE FULL MOON - DEMO\WEREWOLFINSPACE\DEBUG\WATER.OBJ
J:\VISUAL STUDIO 2010\PROJECTS\IMPERISHABLE FULL MOON - DEMO\WEREWOLFINSPACE\DEBUG\WATERLILLY.OBJ
J:\Visual Studio 2010\Projects\Imperishable Full Moon - Demo\WerewolfinSpace\Debug\vc100.idb
J:\VISUAL STUDIO 2010\PROJECTS\IMPERISHABLE FULL MOON - DEMO\WEREWOLFINSPACE\DEBUG\VC100.PDB
J:\VISUAL STUDIO 2010\PROJECTS\IMPERISHABLE FULL MOON - DEMO\WEREWOLFINSPACE\DEBUG\WEREWOLFINSPACE.EXE.INTERMEDIATE.MANIFEST
J:\Visual Studio 2010\Projects\Imperishable Full Moon - Demo\WerewolfinSpace\Debug\WerewolfinSpace.res
J:\VISUAL STUDIO 2010\PROJECTS\WIS 1_36\DEBUG\SHADERS\SHADER.CPS
J:\VISUAL STUDIO 2010\PROJECTS\WIS 1_36\DEBUG\WEREWOLFINSPACE.EXE
J:\VISUAL STUDIO 2010\PROJECTS\WIS 1_36\DEBUG\WEREWOLFINSPACE.ILK
J:\VISUAL STUDIO 2010\PROJECTS\WIS 1_36\DEBUG\WEREWOLFINSPACE.PDB
J:\VISUAL STUDIO 2010\PROJECTS\WIS 1_36\WEREWOLFINSPACE\DEBUG\AABB.OBJ
J:\VISUAL STUDIO 2010\PROJECTS\WIS 1_36\WEREWOLFINSPACE\DEBUG\BASEMENU.OBJ
J:\VISUAL STUDIO 2010\PROJECTS\WIS 1_36\WEREWOLFINSPACE\DEBUG\BLOCK.OBJ
J:\VISUAL STUDIO 2010\PROJECTS\WIS 1_36\WEREWOLFINSPACE\DEBUG\CAMERA.OBJ
J:\VISUAL STUDIO 2010\PROJECTS\WIS 1_36\WEREWOLFINSPACE\DEBUG\CCONTROL.OBJ
J:\VISUAL STUDIO 2010\PROJECTS\WIS 1_36\WEREWOLFINSPACE\DEBUG\CHECKPOINT.OBJ
J:\VISUAL STUDIO 2010\PROJECTS\WIS 1_36\WEREWOLFINSPACE\DEBUG\CLOCK.OBJ
J:\VISUAL STUDIO 2010\PROJECTS\WIS 1_36\WEREWOLFINSPACE\DEBUG\COLLISIONOBJECT.OBJ
J:\VISUAL STUDIO 2010\PROJECTS\WIS 1_36\WEREWOLFINSPACE\DEBUG\DXHANDLER.OBJ
J:\VISUAL STUDIO 2010\PROJECTS\WIS 1_36\WEREWOLFINSPACE\DEBUG\FLASH.OBJ
J:\VISUAL STUDIO 2010\PROJECTS\WIS 1_36\WEREWOLFINSPACE\DEBUG\GAME.OBJ
J:\VISUAL STUDIO 2010\PROJECTS\WIS 1_36\WEREWOLFINSPACE\DEBUG\GAMECREDITS.OBJ
J:\VISUAL STUDIO 2010\PROJECTS\WIS 1_36\WEREWOLFINSPACE\DEBUG\GAMEMENU.OBJ
J:\VISUAL STUDIO 2010\PROJECTS\WIS 1_36\WEREWOLFINSPACE\DEBUG\GOAL.OBJ
J:\VISUAL STUDIO 2010\PROJECTS\WIS 1_36\WEREWOLFINSPACE\DEBUG\HEIGHTMAP.OBJ
J:\VISUAL STUDIO 2010\PROJECTS\WIS 1_36\WEREWOLFINSPACE\DEBUG\HIGHSCORE.OBJ
J:\VISUAL STUDIO 2010\PROJECTS\WIS 1_36\WEREWOLFINSPACE\DEBUG\INGAMEMENU.OBJ
J:\VISUAL STUDIO 2010\PROJECTS\WIS 1_36\WEREWOLFINSPACE\DEBUG\INPUTHANDLER.OBJ
J:\VISUAL STUDIO 2010\PROJECTS\WIS 1_36\WEREWOLFINSPACE\DEBUG\LEVEL.OBJ
J:\VISUAL STUDIO 2010\PROJECTS\WIS 1_36\WEREWOLFINSPACE\DEBUG\MAIN.OBJ
J:\VISUAL STUDIO 2010\PROJECTS\WIS 1_36\WEREWOLFINSPACE\DEBUG\MATERIAL.OBJ
J:\VISUAL STUDIO 2010\PROJECTS\WIS 1_36\WEREWOLFINSPACE\DEBUG\MENUBUTTON.OBJ
J:\VISUAL STUDIO 2010\PROJECTS\WIS 1_36\WEREWOLFINSPACE\DEBUG\MODEL.OBJ
J:\VISUAL STUDIO 2010\PROJECTS\WIS 1_36\WEREWOLFINSPACE\DEBUG\MOVINGPLATFORM.OBJ
J:\VISUAL STUDIO 2010\PROJECTS\WIS 1_36\WEREWOLFINSPACE\DEBUG\MTLREADER.OBJ
J:\VISUAL STUDIO 2010\PROJECTS\WIS 1_36\WEREWOLFINSPACE\DEBUG\OBJECT3D.OBJ
J:\VISUAL STUDIO 2010\PROJECTS\WIS 1_36\WEREWOLFINSPACE\DEBUG\OBJREADER.OBJ
J:\VISUAL STUDIO 2010\PROJECTS\WIS 1_36\WEREWOLFINSPACE\DEBUG\PHYSICS.OBJ
J:\VISUAL STUDIO 2010\PROJECTS\WIS 1_36\WEREWOLFINSPACE\DEBUG\PLATFORM.OBJ
J:\VISUAL STUDIO 2010\PROJECTS\WIS 1_36\WEREWOLFINSPACE\DEBUG\PLAYER.OBJ
J:\VISUAL STUDIO 2010\PROJECTS\WIS 1_36\WEREWOLFINSPACE\DEBUG\POLYGONGROUP.OBJ
J:\VISUAL STUDIO 2010\PROJECTS\WIS 1_36\WEREWOLFINSPACE\DEBUG\POWERUP.OBJ
J:\VISUAL STUDIO 2010\PROJECTS\WIS 1_36\WEREWOLFINSPACE\DEBUG\QUADNODE.OBJ
J:\VISUAL STUDIO 2010\PROJECTS\WIS 1_36\WEREWOLFINSPACE\DEBUG\SKYBOX.OBJ
J:\VISUAL STUDIO 2010\PROJECTS\WIS 1_36\WEREWOLFINSPACE\DEBUG\SOUNDHANDLER.OBJ
J:\VISUAL STUDIO 2010\PROJECTS\WIS 1_36\WEREWOLFINSPACE\DEBUG\SPIKE.OBJ
J:\VISUAL STUDIO 2010\PROJECTS\WIS 1_36\WEREWOLFINSPACE\DEBUG\SPRINGBOARD.OBJ
J:\VISUAL STUDIO 2010\PROJECTS\WIS 1_36\WEREWOLFINSPACE\DEBUG\SPRITE.OBJ
J:\VISUAL STUDIO 2010\PROJECTS\WIS 1_36\WEREWOLFINSPACE\DEBUG\TERRAIN.OBJ
J:\VISUAL STUDIO 2010\PROJECTS\WIS 1_36\WEREWOLFINSPACE\DEBUG\TREE.OBJ
J:\VISUAL STUDIO 2010\PROJECTS\WIS 1_36\WEREWOLFINSPACE\DEBUG\WATER.OBJ
J:\VISUAL STUDIO 2010\PROJECTS\WIS 1_36\WEREWOLFINSPACE\DEBUG\WATERLILLY.OBJ
J:\VISUAL STUDIO 2010\PROJECTS\WIS 1_36\WEREWOLFINSPACE\DEBUG\VC100.PDB
J:\VISUAL STUDIO 2010\PROJECTS\WIS 1_36\WEREWOLFINSPACE\DEBUG\WEREWOLFINSPACE.EXE.INTERMEDIATE.MANIFEST
J:\VISUAL STUDIO 2010\PROJECTS\WIS 1_36\WEREWOLFINSPACE\DEBUG\WEREWOLFINSPACE.RES
