Build started 2012-03-23 15:51:28.
     1>Project "J:\Visual Studio 2010\Projects\Imperishable Full Moon\Imperishable Full Moon - Demo\WerewolfinSpace\WerewolfinSpace.vcxproj" on node 2 (build target(s)).
     1>InitializeBuildStatus:
         Creating "Debug\Imperishable Full Moon.unsuccessfulbuild" because "AlwaysCreate" was specified.
       CustomBuild:
         Performing Custom Build Tools
     1>J:\Visual Studio 2010\Projects\Imperishable Full Moon\Imperishable Full Moon - Demo\WerewolfinSpace\shader.fx(184,27): warning X3206: 'mul': implicit truncation of vector type
     1>J:\Visual Studio 2010\Projects\Imperishable Full Moon\Imperishable Full Moon - Demo\WerewolfinSpace\shader.fx(184,9): warning X3206: implicit truncation of vector type
     1>J:\Visual Studio 2010\Projects\Imperishable Full Moon\Imperishable Full Moon - Demo\WerewolfinSpace\shader.fx(186,9): warning X3206: implicit truncation of vector type
     1>J:\Visual Studio 2010\Projects\Imperishable Full Moon\Imperishable Full Moon - Demo\WerewolfinSpace\shader.fx(187,9): warning X3206: implicit truncation of vector type
     1>J:\Visual Studio 2010\Projects\Imperishable Full Moon\Imperishable Full Moon - Demo\WerewolfinSpace\shader.fx(188,32): warning X3206: implicit truncation of vector type
     1>J:\Visual Studio 2010\Projects\Imperishable Full Moon\Imperishable Full Moon - Demo\WerewolfinSpace\shader.fx(193,31): warning X3206: implicit truncation of vector type
     1>J:\Visual Studio 2010\Projects\Imperishable Full Moon\Imperishable Full Moon - Demo\WerewolfinSpace\shader.fx(214,9): warning X3206: implicit truncation of vector type
     1>J:\Visual Studio 2010\Projects\Imperishable Full Moon\Imperishable Full Moon - Demo\WerewolfinSpace\shader.fx(215,27): warning X3206: 'mul': implicit truncation of vector type
     1>J:\Visual Studio 2010\Projects\Imperishable Full Moon\Imperishable Full Moon - Demo\WerewolfinSpace\shader.fx(215,9): warning X3206: implicit truncation of vector type
     1>J:\Visual Studio 2010\Projects\Imperishable Full Moon\Imperishable Full Moon - Demo\WerewolfinSpace\shader.fx(217,9): warning X3206: implicit truncation of vector type
     1>J:\Visual Studio 2010\Projects\Imperishable Full Moon\Imperishable Full Moon - Demo\WerewolfinSpace\shader.fx(218,32): warning X3206: implicit truncation of vector type
     1>J:\Visual Studio 2010\Projects\Imperishable Full Moon\Imperishable Full Moon - Demo\WerewolfinSpace\shader.fx(223,31): warning X3206: implicit truncation of vector type
     1>J:\Visual Studio 2010\Projects\Imperishable Full Moon\Imperishable Full Moon - Demo\WerewolfinSpace\shader.fx(242,9): warning X3206: implicit truncation of vector type
     1>J:\Visual Studio 2010\Projects\Imperishable Full Moon\Imperishable Full Moon - Demo\WerewolfinSpace\shader.fx(243,27): warning X3206: 'mul': implicit truncation of vector type
     1>J:\Visual Studio 2010\Projects\Imperishable Full Moon\Imperishable Full Moon - Demo\WerewolfinSpace\shader.fx(243,9): warning X3206: implicit truncation of vector type
     1>J:\Visual Studio 2010\Projects\Imperishable Full Moon\Imperishable Full Moon - Demo\WerewolfinSpace\shader.fx(245,9): warning X3206: implicit truncation of vector type
     1>J:\Visual Studio 2010\Projects\Imperishable Full Moon\Imperishable Full Moon - Demo\WerewolfinSpace\shader.fx(246,32): warning X3206: implicit truncation of vector type
     1>J:\Visual Studio 2010\Projects\Imperishable Full Moon\Imperishable Full Moon - Demo\WerewolfinSpace\shader.fx(251,31): warning X3206: implicit truncation of vector type
     1>J:\Visual Studio 2010\Projects\Imperishable Full Moon\Imperishable Full Moon - Demo\WerewolfinSpace\shader.fx(284,27): warning X3206: 'mul': implicit truncation of vector type
     1>J:\Visual Studio 2010\Projects\Imperishable Full Moon\Imperishable Full Moon - Demo\WerewolfinSpace\shader.fx(284,9): warning X3206: implicit truncation of vector type
     1>J:\Visual Studio 2010\Projects\Imperishable Full Moon\Imperishable Full Moon - Demo\WerewolfinSpace\shader.fx(287,9): warning X3206: implicit truncation of vector type
     1>J:\Visual Studio 2010\Projects\Imperishable Full Moon\Imperishable Full Moon - Demo\WerewolfinSpace\shader.fx(288,9): warning X3206: implicit truncation of vector type
     1>J:\Visual Studio 2010\Projects\Imperishable Full Moon\Imperishable Full Moon - Demo\WerewolfinSpace\shader.fx(289,32): warning X3206: implicit truncation of vector type
     1>J:\Visual Studio 2010\Projects\Imperishable Full Moon\Imperishable Full Moon - Demo\WerewolfinSpace\shader.fx(304,27): warning X3206: 'mul': implicit truncation of vector type
     1>J:\Visual Studio 2010\Projects\Imperishable Full Moon\Imperishable Full Moon - Demo\WerewolfinSpace\shader.fx(304,9): warning X3206: implicit truncation of vector type
     1>J:\Visual Studio 2010\Projects\Imperishable Full Moon\Imperishable Full Moon - Demo\WerewolfinSpace\shader.fx(307,9): warning X3206: implicit truncation of vector type
     1>J:\Visual Studio 2010\Projects\Imperishable Full Moon\Imperishable Full Moon - Demo\WerewolfinSpace\shader.fx(308,9): warning X3206: implicit truncation of vector type
     1>J:\Visual Studio 2010\Projects\Imperishable Full Moon\Imperishable Full Moon - Demo\WerewolfinSpace\shader.fx(309,32): warning X3206: implicit truncation of vector type
     1>J:\Visual Studio 2010\Projects\Imperishable Full Moon\Imperishable Full Moon - Demo\WerewolfinSpace\shader.fx(346,9): warning X3206: implicit truncation of vector type
     1>J:\Visual Studio 2010\Projects\Imperishable Full Moon\Imperishable Full Moon - Demo\WerewolfinSpace\shader.fx(365,9): warning X3206: implicit truncation of vector type
     1>J:\Visual Studio 2010\Projects\Imperishable Full Moon\Imperishable Full Moon - Demo\WerewolfinSpace\shader.fx(373,9): warning X3206: implicit truncation of vector type
     1>J:\Visual Studio 2010\Projects\Imperishable Full Moon\Imperishable Full Moon - Demo\WerewolfinSpace\shader.fx(381,9): warning X3206: implicit truncation of vector type
     1>J:\Visual Studio 2010\Projects\Imperishable Full Moon\Imperishable Full Moon - Demo\WerewolfinSpace\shader.fx(382,8): warning X3206: implicit truncation of vector type
     1>J:\Visual Studio 2010\Projects\Imperishable Full Moon\Imperishable Full Moon - Demo\WerewolfinSpace\shader.fx(392,9): warning X3206: implicit truncation of vector type
     1>J:\Visual Studio 2010\Projects\Imperishable Full Moon\Imperishable Full Moon - Demo\WerewolfinSpace\shader.fx(393,8): warning X3206: implicit truncation of vector type
     1>J:\Visual Studio 2010\Projects\Imperishable Full Moon\Imperishable Full Moon - Demo\WerewolfinSpace\shader.fx(400,9): warning X3206: implicit truncation of vector type
     1>J:\Visual Studio 2010\Projects\Imperishable Full Moon\Imperishable Full Moon - Demo\WerewolfinSpace\shader.fx(401,8): warning X3206: implicit truncation of vector type
     1>J:\Visual Studio 2010\Projects\Imperishable Full Moon\Imperishable Full Moon - Demo\WerewolfinSpace\shader.fx(414,9): warning X3206: implicit truncation of vector type
     1>J:\Visual Studio 2010\Projects\Imperishable Full Moon\Imperishable Full Moon - Demo\WerewolfinSpace\shader.fx(415,8): warning X3206: implicit truncation of vector type
     1>J:\Visual Studio 2010\Projects\Imperishable Full Moon\Imperishable Full Moon - Demo\WerewolfinSpace\shader.fx(424,9): warning X3206: implicit truncation of vector type
     1>J:\Visual Studio 2010\Projects\Imperishable Full Moon\Imperishable Full Moon - Demo\WerewolfinSpace\shader.fx(425,8): warning X3206: implicit truncation of vector type
         
         Microsoft (R) Direct3D Shader Compiler 9.29.952.3111
         Copyright (C) Microsoft Corporation 2002-2009. All rights reserved.
         
         compilation succeeded; see J:\Visual Studio 2010\Projects\Imperishable Full Moon\Imperishable Full Moon - Demo\WerewolfinSpace\shader.fxo
       ClCompile:
         C:\Program Files (x86)\Microsoft Visual Studio 10.0\VC\bin\CL.exe /c /ZI /nologo /W3 /WX- /Od /Oy- /D _MBCS /Gm /EHsc /RTC1 /MDd /GS /fp:precise /Zc:wchar_t /Zc:forScope /Fo"Debug\\" /Fd"Debug\vc100.pdb" /Gd /TP /analyze- /errorReport:prompt Game.cpp
         Game.cpp
         c:\program files (x86)\microsoft directx sdk (june 2010)\include\dinput.h: DIRECTINPUT_VERSION undefined. Defaulting to version 0x0800
       ResourceCompile:
         All outputs are up-to-date.
       Link:
         C:\Program Files (x86)\Microsoft Visual Studio 10.0\VC\bin\link.exe /ERRORREPORT:PROMPT /OUT:"J:\Visual Studio 2010\Projects\Imperishable Full Moon\Imperishable Full Moon - Demo\Debug\Imperishable Full Moon.exe" /NOLOGO d3d10.lib d3dx10.lib dinput8.lib dxguid.lib dsound.lib winmm.lib kernel32.lib user32.lib gdi32.lib winspool.lib comdlg32.lib advapi32.lib shell32.lib ole32.lib oleaut32.lib uuid.lib odbc32.lib odbccp32.lib /MANIFEST /ManifestFile:"Debug\Imperishable Full Moon.exe.intermediate.manifest" /MANIFESTUAC:"level='asInvoker' uiAccess='false'" /DEBUG /PDB:"J:\Visual Studio 2010\Projects\Imperishable Full Moon\Imperishable Full Moon - Demo\Debug\Imperishable Full Moon.pdb" /TLBID:1 /DYNAMICBASE /NXCOMPAT /IMPLIB:"J:\Visual Studio 2010\Projects\Imperishable Full Moon\Imperishable Full Moon - Demo\Debug\Imperishable Full Moon.lib" /MACHINE:X86 Debug\WerewolfinSpace.res
         Debug\AABB.obj
         Debug\BaseMenu.obj
         Debug\Block.obj
         Debug\Camera.obj
         Debug\CControl.obj
         Debug\CheckPoint.obj
         Debug\Clock.obj
         Debug\CollisionObject.obj
         Debug\Flash.obj
         Debug\GameCredits.obj
         Debug\DxHandler.obj
         Debug\Game.obj
         Debug\GameMenu.obj
         Debug\Goal.obj
         Debug\HeightMap.obj
         Debug\HighScore.obj
         Debug\InGameMenu.obj
         Debug\InputHandler.obj
         Debug\Level.obj
         Debug\Main.obj
         Debug\Material.obj
         Debug\MenuButton.obj
         Debug\Model.obj
         Debug\MovingPlatform.obj
         Debug\MtlReader.obj
         Debug\Object3D.obj
         Debug\ObjReader.obj
         Debug\Physics.obj
         Debug\Platform.obj
         Debug\Player.obj
         Debug\PolygonGroup.obj
         Debug\PowerUp.obj
         Debug\QuadNode.obj
         Debug\Skybox.obj
         Debug\SoundHandler.obj
         Debug\Spike.obj
         Debug\Springboard.obj
         Debug\Sprite.obj
         Debug\Terrain.obj
         Debug\Tree.obj
         Debug\Water.obj
         Debug\Waterlilly.obj
         LINK : J:\Visual Studio 2010\Projects\Imperishable Full Moon\Imperishable Full Moon - Demo\Debug\Imperishable Full Moon.exe not found or not built by the last incremental link; performing full link
         WerewolfinSpace.vcxproj -> J:\Visual Studio 2010\Projects\Imperishable Full Moon\Imperishable Full Moon - Demo\Debug\Imperishable Full Moon.exe
       Manifest:
         C:\Program Files (x86)\Microsoft SDKs\Windows\v7.0A\bin\mt.exe /nologo /verbose /outputresource:"J:\Visual Studio 2010\Projects\Imperishable Full Moon\Imperishable Full Moon - Demo\Debug\Imperishable Full Moon.exe;#1" /manifest "Debug\Imperishable Full Moon.exe.intermediate.manifest"
       FinalizeBuildStatus:
         Deleting file "Debug\Imperishable Full Moon.unsuccessfulbuild".
         Touching "Debug\Imperishable Full Moon.lastbuildstate".
     1>Done Building Project "J:\Visual Studio 2010\Projects\Imperishable Full Moon\Imperishable Full Moon - Demo\WerewolfinSpace\WerewolfinSpace.vcxproj" (build target(s)).

Build succeeded.

Time Elapsed 00:00:07.08
